<?xml version="1.0" encoding="UTF-8"?>
<!-- Generated by org.testng.reporters.JUnitReportReporter -->
<testsuite hostname="DESKTOP-3AAR4DK" failures="0" tests="1" name="sampleBuildJob.sampleBuildJob.BuildTest" time="0.034" errors="0" timestamp="2022-09-25T17:11:20 IST" skipped="0">
  <testcase classname="sampleBuildJob.sampleBuildJob.BuildTest" name="buildTest" time="0.034"/>
  <system-out/>
</testsuite> <!-- sampleBuildJob.sampleBuildJob.BuildTest -->
